This file contains results of the final training, validation and testing of the model.

Pieces for training :  ['39', '20', '24', '7', '22', '17', '23', '35', '38', '8', '0', '37', '36', '13', '19', '4', '1', '6', '28', '10', '41', '40', '3', '46', '18', '29', '25', '9', '27', '15', '47', '21', '34', '43']
Pieces for validation :  ['45', '44', '30', '26', '16', '5', '2']
Pieces for testing :  ['31', '11', '33', '14', '42', '12', '32']
Train (epoch 1/5) [0/1000 (0%)]	Loss: 0.702696	Accuracy: 41.29638671875
TRAIN LOSS
0.08038242161273956
VALIDATION LOSS
0.13885812215703977
Train (epoch 1/5) [100/1000 (10%)]	Loss: 0.080382	Accuracy: 98.92578125
TRAIN LOSS
0.07646793872117996
VALIDATION LOSS
0.037292200815685836
Train (epoch 1/5) [200/1000 (20%)]	Loss: 0.076468	Accuracy: 98.78692626953125
TRAIN LOSS
0.05588480085134506
VALIDATION LOSS
0.09576312443066645
Train (epoch 1/5) [300/1000 (30%)]	Loss: 0.055885	Accuracy: 93.2403564453125
TRAIN LOSS
0.050306536257267
VALIDATION LOSS
0.03468343754817817
Train (epoch 1/5) [400/1000 (40%)]	Loss: 0.050307	Accuracy: 96.83380126953125
TRAIN LOSS
0.03806595504283905
VALIDATION LOSS
0.03094433007496759
Train (epoch 1/5) [500/1000 (50%)]	Loss: 0.038066	Accuracy: 99.45068359375
TRAIN LOSS
0.025972479954361916
VALIDATION LOSS
0.02709850307205988
Train (epoch 1/5) [600/1000 (60%)]	Loss: 0.025972	Accuracy: 99.0875244140625
TRAIN LOSS
0.09941274672746658
VALIDATION LOSS
0.029599178552672117
Train (epoch 1/5) [700/1000 (70%)]	Loss: 0.099413	Accuracy: 96.91925048828125
TRAIN LOSS
0.028477465733885765
VALIDATION LOSS
0.022932036179839608
Train (epoch 1/5) [800/1000 (80%)]	Loss: 0.028477	Accuracy: 99.50103759765625
TRAIN LOSS
0.03410572558641434
VALIDATION LOSS
0.08439112534042503
Train (epoch 1/5) [900/1000 (90%)]	Loss: 0.034106	Accuracy: 98.21014404296875
TRAIN LOSS
0.035169921815395355
VALIDATION LOSS
0.02240279168080463
Train (epoch 2/5) [0/1000 (0%)]	Loss: 0.035170	Accuracy: 99.34234619140625
TRAIN LOSS
0.031180355697870255
VALIDATION LOSS
0.020478468056189553
Train (epoch 2/5) [100/1000 (10%)]	Loss: 0.031180	Accuracy: 99.444580078125
TRAIN LOSS
0.0257608350366354
VALIDATION LOSS
0.018692494024223294
Train (epoch 2/5) [200/1000 (20%)]	Loss: 0.025761	Accuracy: 99.2034912109375
TRAIN LOSS
0.029154006391763687
VALIDATION LOSS
0.017857179689311248
Train (epoch 2/5) [300/1000 (30%)]	Loss: 0.029154	Accuracy: 99.9908447265625
TRAIN LOSS
0.059779029339551926
VALIDATION LOSS
0.016551479469844053
Train (epoch 2/5) [400/1000 (40%)]	Loss: 0.059779	Accuracy: 99.64752197265625
TRAIN LOSS
0.019357455894351006
VALIDATION LOSS
0.01570993575147934
Train (epoch 2/5) [500/1000 (50%)]	Loss: 0.019357	Accuracy: 99.27215576171875
TRAIN LOSS
0.018876777961850166
VALIDATION LOSS
0.01917248008462142
Train (epoch 2/5) [600/1000 (60%)]	Loss: 0.018877	Accuracy: 99.0020751953125
TRAIN LOSS
0.019824691116809845
VALIDATION LOSS
0.015029480908073068
Train (epoch 2/5) [700/1000 (70%)]	Loss: 0.019825	Accuracy: 99.7039794921875
TRAIN LOSS
0.03316844254732132
VALIDATION LOSS
0.014888222188439656
Train (epoch 2/5) [800/1000 (80%)]	Loss: 0.033168	Accuracy: 99.16229248046875
TRAIN LOSS
0.024233687669038773
VALIDATION LOSS
0.014693517931521006
Train (epoch 2/5) [900/1000 (90%)]	Loss: 0.024234	Accuracy: 99.69635009765625
TRAIN LOSS
0.013630908913910389
VALIDATION LOSS
0.01495534830801443
Train (epoch 3/5) [0/1000 (0%)]	Loss: 0.013631	Accuracy: 99.08599853515625
TRAIN LOSS
0.015246858820319176
VALIDATION LOSS
0.0145210468539778
Train (epoch 3/5) [100/1000 (10%)]	Loss: 0.015247	Accuracy: 99.725341796875
TRAIN LOSS
0.018712956458330154
VALIDATION LOSS
0.01453636002321966
Train (epoch 3/5) [200/1000 (20%)]	Loss: 0.018713	Accuracy: 99.676513671875
TRAIN LOSS
0.013855187222361565
VALIDATION LOSS
0.013218285851058161
Train (epoch 3/5) [300/1000 (30%)]	Loss: 0.013855	Accuracy: 98.7884521484375
TRAIN LOSS
0.01838190108537674
VALIDATION LOSS
0.015113606676013901
Train (epoch 3/5) [400/1000 (40%)]	Loss: 0.018382	Accuracy: 98.8616943359375
TRAIN LOSS
0.015911543741822243
VALIDATION LOSS
0.0132213973708122
Train (epoch 3/5) [500/1000 (50%)]	Loss: 0.015912	Accuracy: 99.1973876953125
TRAIN LOSS
0.013034388422966003
VALIDATION LOSS
0.01240326834098463
Train (epoch 3/5) [600/1000 (60%)]	Loss: 0.013034	Accuracy: 99.67041015625
TRAIN LOSS
0.01564733125269413
VALIDATION LOSS
0.01409485533572317
Train (epoch 3/5) [700/1000 (70%)]	Loss: 0.015647	Accuracy: 99.01885986328125
TRAIN LOSS
0.022752512246370316
VALIDATION LOSS
0.012830537538064988
Train (epoch 3/5) [800/1000 (80%)]	Loss: 0.022753	Accuracy: 99.0386962890625
TRAIN LOSS
0.01619260385632515
VALIDATION LOSS
0.012961961527570528
Train (epoch 3/5) [900/1000 (90%)]	Loss: 0.016193	Accuracy: 99.34234619140625
TRAIN LOSS
0.01926650106906891
VALIDATION LOSS
0.014257031258333273
Train (epoch 4/5) [0/1000 (0%)]	Loss: 0.019267	Accuracy: 99.59259033203125
TRAIN LOSS
0.009168734773993492
VALIDATION LOSS
0.016149000173330135
Train (epoch 4/5) [100/1000 (10%)]	Loss: 0.009169	Accuracy: 99.93438720703125
TRAIN LOSS
0.0364634208381176
VALIDATION LOSS
0.01226045168446947
Train (epoch 4/5) [200/1000 (20%)]	Loss: 0.036463	Accuracy: 99.5391845703125
TRAIN LOSS
0.02278256043791771
VALIDATION LOSS
0.01243074272479709
Train (epoch 4/5) [300/1000 (30%)]	Loss: 0.022783	Accuracy: 99.163818359375
TRAIN LOSS
0.028350213542580605
VALIDATION LOSS
0.012156509654078638
Train (epoch 4/5) [400/1000 (40%)]	Loss: 0.028350	Accuracy: 99.2523193359375
TRAIN LOSS
0.01369959395378828
VALIDATION LOSS
0.012205683465408141
Train (epoch 4/5) [500/1000 (50%)]	Loss: 0.013700	Accuracy: 99.45220947265625
TRAIN LOSS
0.021135082468390465
VALIDATION LOSS
0.011924153782433541
Train (epoch 4/5) [600/1000 (60%)]	Loss: 0.021135	Accuracy: 99.36065673828125
TRAIN LOSS
0.01975696161389351
VALIDATION LOSS
0.012082893924666748
Train (epoch 4/5) [700/1000 (70%)]	Loss: 0.019757	Accuracy: 99.0264892578125
TRAIN LOSS
0.013719645328819752
VALIDATION LOSS
0.011491958168822047
Train (epoch 4/5) [800/1000 (80%)]	Loss: 0.013720	Accuracy: 99.47967529296875
TRAIN LOSS
0.011440891772508621
VALIDATION LOSS
0.011287519926993863
Train (epoch 4/5) [900/1000 (90%)]	Loss: 0.011441	Accuracy: 99.91912841796875
TRAIN LOSS
0.015715662389993668
VALIDATION LOSS
0.011682986394874664
Train (epoch 5/5) [0/1000 (0%)]	Loss: 0.015716	Accuracy: 99.005126953125
TRAIN LOSS
0.02607828937470913
VALIDATION LOSS
0.01277403683176804
Train (epoch 5/5) [100/1000 (10%)]	Loss: 0.026078	Accuracy: 98.18878173828125
TRAIN LOSS
0.01723979040980339
VALIDATION LOSS
0.01334798025136878
Train (epoch 5/5) [200/1000 (20%)]	Loss: 0.017240	Accuracy: 99.676513671875
TRAIN LOSS
0.01280906517058611
VALIDATION LOSS
0.011475545483070313
Train (epoch 5/5) [300/1000 (30%)]	Loss: 0.012809	Accuracy: 99.6612548828125
TRAIN LOSS
0.018230773508548737
VALIDATION LOSS
0.013781121066864905
Train (epoch 5/5) [400/1000 (40%)]	Loss: 0.018231	Accuracy: 98.79608154296875
TRAIN LOSS
0.01880490593612194
VALIDATION LOSS
0.02219038116732425
Train (epoch 5/5) [500/1000 (50%)]	Loss: 0.018805	Accuracy: 99.42779541015625
TRAIN LOSS
0.016369402408599854
VALIDATION LOSS
0.012594925106451747
Train (epoch 5/5) [600/1000 (60%)]	Loss: 0.016369	Accuracy: 98.97308349609375
TRAIN LOSS
0.01134082768112421
VALIDATION LOSS
0.011669084199068322
Train (epoch 5/5) [700/1000 (70%)]	Loss: 0.011341	Accuracy: 99.237060546875
TRAIN LOSS
0.016768572852015495
VALIDATION LOSS
0.11023042108424795
Train (epoch 5/5) [800/1000 (80%)]	Loss: 0.016769	Accuracy: 99.5941162109375
TRAIN LOSS
0.0250427033752203
VALIDATION LOSS
0.011546694709601837
Train (epoch 5/5) [900/1000 (90%)]	Loss: 0.025043	Accuracy: 99.0447998046875
[0.08038242161273956, 0.07646793872117996, 0.05588480085134506, 0.050306536257267, 0.03806595504283905, 0.025972479954361916, 0.09941274672746658, 0.028477465733885765, 0.03410572558641434, 0.035169921815395355, 0.031180355697870255, 0.0257608350366354, 0.029154006391763687, 0.059779029339551926, 0.019357455894351006, 0.018876777961850166, 0.019824691116809845, 0.03316844254732132, 0.024233687669038773, 0.013630908913910389, 0.015246858820319176, 0.018712956458330154, 0.013855187222361565, 0.01838190108537674, 0.015911543741822243, 0.013034388422966003, 0.01564733125269413, 0.022752512246370316, 0.01619260385632515, 0.01926650106906891, 0.009168734773993492, 0.0364634208381176, 0.02278256043791771, 0.028350213542580605, 0.01369959395378828, 0.021135082468390465, 0.01975696161389351, 0.013719645328819752, 0.011440891772508621, 0.015715662389993668, 0.02607828937470913, 0.01723979040980339, 0.01280906517058611, 0.018230773508548737, 0.01880490593612194, 0.016369402408599854, 0.01134082768112421, 0.016768572852015495, 0.0250427033752203]
[0.13885812215703977, 0.037292200815685836, 0.09576312443066645, 0.03468343754817817, 0.03094433007496759, 0.02709850307205988, 0.029599178552672117, 0.022932036179839608, 0.08439112534042503, 0.02240279168080463, 0.020478468056189553, 0.018692494024223294, 0.017857179689311248, 0.016551479469844053, 0.01570993575147934, 0.01917248008462142, 0.015029480908073068, 0.014888222188439656, 0.014693517931521006, 0.01495534830801443, 0.0145210468539778, 0.01453636002321966, 0.013218285851058161, 0.015113606676013901, 0.0132213973708122, 0.01240326834098463, 0.01409485533572317, 0.012830537538064988, 0.012961961527570528, 0.014257031258333273, 0.016149000173330135, 0.01226045168446947, 0.01243074272479709, 0.012156509654078638, 0.012205683465408141, 0.011924153782433541, 0.012082893924666748, 0.011491958168822047, 0.011287519926993863, 0.011682986394874664, 0.01277403683176804, 0.01334798025136878, 0.011475545483070313, 0.013781121066864905, 0.02219038116732425, 0.012594925106451747, 0.011669084199068322, 0.11023042108424795, 0.011546694709601837]
--------------------------------------------------TESTING--------------------------------------------------------
----------------------------------------------Single image accuracy------------------------------------------------
Confusion matrix :
[[546804   1883]
 [   888 236857]]
---
786432 pixels processed
Total accuracy : 99.64764912923178%
---
F1Score :
background: 0.9974725893144615
foreground: 0.9941844968886744
---
Kappa: 0.9916571020139108
----------------------------------------------Global accuracy------------------------------------------------
Confusion matrix :
[[546804   1883]
 [   888 236857]]
---
786432 pixels processed
Total accuracy : 99.64764912923178%
---
F1Score :
background: 0.9974725893144615
foreground: 0.9941844968886744
---
Kappa: 0.9916571020139108
----------------------------------------------Single image accuracy------------------------------------------------
Confusion matrix :
[[619345    821]
 [   911 165355]]
---
786432 pixels processed
Total accuracy : 99.77976481119792%
---
F1Score :
background: 0.9986037009985311
foreground: 0.9947900686435529
---
Kappa: 0.9933937697718477
----------------------------------------------Global accuracy------------------------------------------------
Confusion matrix :
[[1166149    2704]
 [   1799  402212]]
---
1572864 pixels processed
Total accuracy : 99.71370697021484%
---
F1Score :
background: 0.9980730066445538
foreground: 0.9944333666696747
---
Kappa: 0.9925063765610467
----------------------------------------------Single accuracy------------------------------------------------
Confusion matrix :
[[578925   1016]
 [   985 205506]]
---
786432 pixels processed
Total accuracy : 99.74555969238281%
---
F1Score :
background: 0.9982747783982597
foreground: 0.9951551161827836
---
Kappa: 0.9934298945942238
----------------------------------------------Global accuracy------------------------------------------------
Confusion matrix :
[[1745074    3720]
 [   2784  607718]]
---
2359296 pixels processed
Total accuracy : 99.72432454427083%
---
F1Score :
background: 0.9981399350006807
foreground: 0.9946773163985139
---
Kappa: 0.9928172528719817
----------------------------------------------Single image accuracy------------------------------------------------
Confusion matrix :
[[584135    417]
 [  1422 200458]]
---
786432 pixels processed
Total accuracy : 99.76615905761719%
---
F1Score :
background: 0.9984283515467363
foreground: 0.995433948678477
---
Kappa: 0.9938623133795687
----------------------------------------------Global accuracy------------------------------------------------
Confusion matrix :
[[2329209    4137]
 [   4206  808176]]
---
3145728 pixels processed
Total accuracy : 99.73478317260742%
---
F1Score :
background: 0.998212250423795
foreground: 0.9948648823317607
---
Kappa: 0.9930771327599028
----------------------------------------------Single image accuracy------------------------------------------------
Confusion matrix :
[[550451    809]
 [  1231 233941]]
---
786432 pixels processed
Total accuracy : 99.7406005859375%
---
F1Score :
background: 0.9981504013810336
foreground: 0.9956588540225825
---
Kappa: 0.9938092575307224
----------------------------------------------Global accuracy------------------------------------------------
Confusion matrix :
[[2879660    4946]
 [   5437 1042117]]
---
3932160 pixels processed
Total accuracy : 99.73594665527344%
---
F1Score :
background: 0.998200427301024
foreground: 0.9950430078625353
---
Kappa: 0.9932434352983408
----------------------------------------------Single image accuracy------------------------------------------------
Confusion matrix :
[[610529   1673]
 [   934 173296]]
---
786432 pixels processed
Total accuracy : 99.66850280761719%
---
F1Score :
background: 0.9978695149407721
foreground: 0.9925343428818525
---
Kappa: 0.9904038700871138
----------------------------------------------Global accuracy------------------------------------------------
Confusion matrix :
[[3490189    6619]
 [   6371 1215413]]
---
4718592 pixels processed
Total accuracy : 99.72470601399739%
---
F1Score :
background: 0.9981425258902434
foreground: 0.9946845425351172
---
Kappa: 0.9928270684511742
----------------------------------------------Single image accuracy------------------------------------------------
Confusion matrix :
[[573009   1157]
 [  1040 211226]]
---
786432 pixels processed
Total accuracy : 99.72063700358073%
---
F1Score :
background: 0.9980865952805006
foreground: 0.9948263153804672
---
Kappa: 0.992912910859937
----------------------------------------------Global accuracy------------------------------------------------
Confusion matrix :
[[4063198    7776]
 [   7411 1426639]]
---
5505024 pixels processed
Total accuracy : 99.72412472679501%
---
F1Score :
background: 0.9981346379444882
foreground: 0.9947055306583835
---
Kappa: 0.9928401686437159
